2019-12-06 19:35:05,695 0      [           main] DEBUG ache.ibatis.logging.LogFactory  - Logging initialized using 'class org.apache.ibatis.logging.log4j.Log4jImpl' adapter.
2019-12-06 19:35:06,017 322    [           main] DEBUG source.pooled.PooledDataSource  - PooledDataSource forcefully closed/removed all connections.
2019-12-06 19:35:06,018 323    [           main] DEBUG source.pooled.PooledDataSource  - PooledDataSource forcefully closed/removed all connections.
2019-12-06 19:35:06,018 323    [           main] DEBUG source.pooled.PooledDataSource  - PooledDataSource forcefully closed/removed all connections.
2019-12-06 19:35:06,018 323    [           main] DEBUG source.pooled.PooledDataSource  - PooledDataSource forcefully closed/removed all connections.
2019-12-06 19:37:02,558 0      [           main] DEBUG ache.ibatis.logging.LogFactory  - Logging initialized using 'class org.apache.ibatis.logging.log4j.Log4jImpl' adapter.
2019-12-06 19:37:02,785 227    [           main] DEBUG source.pooled.PooledDataSource  - PooledDataSource forcefully closed/removed all connections.
2019-12-06 19:37:02,785 227    [           main] DEBUG source.pooled.PooledDataSource  - PooledDataSource forcefully closed/removed all connections.
2019-12-06 19:37:02,785 227    [           main] DEBUG source.pooled.PooledDataSource  - PooledDataSource forcefully closed/removed all connections.
2019-12-06 19:37:02,786 228    [           main] DEBUG source.pooled.PooledDataSource  - PooledDataSource forcefully closed/removed all connections.
2019-12-06 19:37:02,928 370    [           main] DEBUG ansaction.jdbc.JdbcTransaction  - Opening JDBC Connection
2019-12-06 19:37:03,434 876    [           main] DEBUG source.pooled.PooledDataSource  - Created connection 1273765644.
2019-12-06 19:37:03,435 877    [           main] DEBUG ansaction.jdbc.JdbcTransaction  - Setting autocommit to false on JDBC Connection [com.mysql.jdbc.JDBC4Connection@4bec1f0c]
2019-12-06 19:37:03,439 881    [           main] DEBUG m.itheima.dao.IUserDao.findAll  - ==>  Preparing: select * from user 
2019-12-06 19:37:03,480 922    [           main] DEBUG m.itheima.dao.IUserDao.findAll  - ==> Parameters: 
2019-12-06 19:37:03,522 964    [           main] DEBUG m.itheima.dao.IUserDao.findAll  - <==      Total: 6
2019-12-06 19:37:03,525 967    [           main] DEBUG ansaction.jdbc.JdbcTransaction  - Resetting autocommit to true on JDBC Connection [com.mysql.jdbc.JDBC4Connection@4bec1f0c]
2019-12-06 19:37:03,525 967    [           main] DEBUG ansaction.jdbc.JdbcTransaction  - Closing JDBC Connection [com.mysql.jdbc.JDBC4Connection@4bec1f0c]
2019-12-06 19:37:03,525 967    [           main] DEBUG source.pooled.PooledDataSource  - Returned connection 1273765644 to pool.
2019-12-07 10:39:32,474 0      [           main] DEBUG ache.ibatis.logging.LogFactory  - Logging initialized using 'class org.apache.ibatis.logging.log4j.Log4jImpl' adapter.
2019-12-07 10:39:32,694 220    [           main] DEBUG source.pooled.PooledDataSource  - PooledDataSource forcefully closed/removed all connections.
2019-12-07 10:39:32,694 220    [           main] DEBUG source.pooled.PooledDataSource  - PooledDataSource forcefully closed/removed all connections.
2019-12-07 10:39:32,694 220    [           main] DEBUG source.pooled.PooledDataSource  - PooledDataSource forcefully closed/removed all connections.
2019-12-07 10:39:32,694 220    [           main] DEBUG source.pooled.PooledDataSource  - PooledDataSource forcefully closed/removed all connections.
2019-12-07 10:39:51,973 0      [           main] DEBUG ache.ibatis.logging.LogFactory  - Logging initialized using 'class org.apache.ibatis.logging.log4j.Log4jImpl' adapter.
2019-12-07 10:39:52,195 222    [           main] DEBUG source.pooled.PooledDataSource  - PooledDataSource forcefully closed/removed all connections.
2019-12-07 10:39:52,195 222    [           main] DEBUG source.pooled.PooledDataSource  - PooledDataSource forcefully closed/removed all connections.
2019-12-07 10:39:52,195 222    [           main] DEBUG source.pooled.PooledDataSource  - PooledDataSource forcefully closed/removed all connections.
2019-12-07 10:39:52,196 223    [           main] DEBUG source.pooled.PooledDataSource  - PooledDataSource forcefully closed/removed all connections.
2019-12-07 10:39:52,353 380    [           main] DEBUG ansaction.jdbc.JdbcTransaction  - Opening JDBC Connection
2019-12-07 10:39:52,780 807    [           main] DEBUG source.pooled.PooledDataSource  - Created connection 1273765644.
2019-12-07 10:39:52,781 808    [           main] DEBUG ansaction.jdbc.JdbcTransaction  - Setting autocommit to false on JDBC Connection [com.mysql.jdbc.JDBC4Connection@4bec1f0c]
2019-12-07 10:39:52,783 810    [           main] DEBUG m.itheima.dao.IUserDao.findAll  - ==>  Preparing: select * from user 
2019-12-07 10:39:52,828 855    [           main] DEBUG m.itheima.dao.IUserDao.findAll  - ==> Parameters: 
2019-12-07 10:39:52,875 902    [           main] DEBUG m.itheima.dao.IUserDao.findAll  - <==      Total: 6
2019-12-07 10:39:52,877 904    [           main] DEBUG ansaction.jdbc.JdbcTransaction  - Resetting autocommit to true on JDBC Connection [com.mysql.jdbc.JDBC4Connection@4bec1f0c]
2019-12-07 10:39:52,877 904    [           main] DEBUG ansaction.jdbc.JdbcTransaction  - Closing JDBC Connection [com.mysql.jdbc.JDBC4Connection@4bec1f0c]
2019-12-07 10:39:52,878 905    [           main] DEBUG source.pooled.PooledDataSource  - Returned connection 1273765644 to pool.
